<?xml version="1.0" encoding="UTF-8"?>
<!-- Generated by org.testng.reporters.JUnitXMLReporter -->
<testsuite hostname="zhaomengran-pc" name="Listener test1" tests="10" failures="8" timestamp="18 Feb 2019 09:25:00 GMT" time="157.779" errors="0">
  <testcase name="testLogin_success" time="10.253" classname="com.htyl.gyl.LoginTest">
    <failure type="java.lang.NullPointerException">
      <![CDATA[java.lang.NullPointerException
	at org.openqa.selenium.support.pagefactory.internal.LocatingElementHandler.invoke(LocatingElementHandler.java:51)
	at com.sun.proxy.$Proxy25.click(Unknown Source)
	at com.enass.htyl.page.IndexPage.click_login_link(IndexPage.java:35)
	at com.htyl.gyl.LoginTest.testLogin_success(LoginTest.java:18)
... Removed 28 stack frames]]>
    </failure>
  </testcase> <!-- testLogin_success -->
  <testcase name="testLogin_success" time="8.65" classname="com.htyl.gyl.LoginTest">
    <skipped/>
  </testcase> <!-- testLogin_success -->
  <testcase name="testLogin_success" time="8.654" classname="com.htyl.gyl.LoginTest">
    <skipped/>
  </testcase> <!-- testLogin_success -->
  <testcase name="testLogin_success" time="8.652" classname="com.htyl.gyl.LoginTest">
    <failure type="java.lang.NullPointerException">
      <![CDATA[java.lang.NullPointerException
	at org.openqa.selenium.support.pagefactory.internal.LocatingElementHandler.invoke(LocatingElementHandler.java:51)
	at com.sun.proxy.$Proxy25.click(Unknown Source)
	at com.enass.htyl.page.IndexPage.click_login_link(IndexPage.java:35)
	at com.htyl.gyl.LoginTest.testLogin_success(LoginTest.java:18)
... Removed 28 stack frames]]>
    </failure>
  </testcase> <!-- testLogin_success -->
  <testcase name="testLogin_success" time="9.223" classname="com.htyl.gyl.LoginTest">
    <failure type="java.lang.NullPointerException">
      <![CDATA[java.lang.NullPointerException
	at org.openqa.selenium.support.pagefactory.internal.LocatingElementHandler.invoke(LocatingElementHandler.java:51)
	at com.sun.proxy.$Proxy25.click(Unknown Source)
	at com.enass.htyl.page.IndexPage.click_login_link(IndexPage.java:35)
	at com.htyl.gyl.LoginTest.testLogin_success(LoginTest.java:18)
... Removed 28 stack frames]]>
    </failure>
  </testcase> <!-- testLogin_success -->
  <testcase name="testLogin_success" time="10.717" classname="com.htyl.gyl.LoginTest">
    <failure type="java.lang.NullPointerException">
      <![CDATA[java.lang.NullPointerException
	at org.openqa.selenium.support.pagefactory.internal.LocatingElementHandler.invoke(LocatingElementHandler.java:51)
	at com.sun.proxy.$Proxy25.click(Unknown Source)
	at com.enass.htyl.page.IndexPage.click_login_link(IndexPage.java:35)
	at com.htyl.gyl.LoginTest.testLogin_success(LoginTest.java:18)
... Removed 28 stack frames]]>
    </failure>
  </testcase> <!-- testLogin_success -->
  <testcase name="testLogin_success" time="10.325" classname="com.htyl.gyl.LoginTest">
    <failure type="java.lang.NullPointerException">
      <![CDATA[java.lang.NullPointerException
	at org.openqa.selenium.support.pagefactory.internal.LocatingElementHandler.invoke(LocatingElementHandler.java:51)
	at com.sun.proxy.$Proxy25.click(Unknown Source)
	at com.enass.htyl.page.IndexPage.click_login_link(IndexPage.java:35)
	at com.htyl.gyl.LoginTest.testLogin_success(LoginTest.java:18)
... Removed 28 stack frames]]>
    </failure>
  </testcase> <!-- testLogin_success -->
  <testcase name="testLogin_success" time="8.611" classname="com.htyl.gyl.LoginTest">
    <failure type="java.lang.NullPointerException">
      <![CDATA[java.lang.NullPointerException
	at org.openqa.selenium.support.pagefactory.internal.LocatingElementHandler.invoke(LocatingElementHandler.java:51)
	at com.sun.proxy.$Proxy25.click(Unknown Source)
	at com.enass.htyl.page.IndexPage.click_login_link(IndexPage.java:35)
	at com.htyl.gyl.LoginTest.testLogin_success(LoginTest.java:18)
... Removed 28 stack frames]]>
    </failure>
  </testcase> <!-- testLogin_success -->
  <testcase name="testLogin_success" time="10.104" classname="com.htyl.gyl.LoginTest">
    <failure type="java.lang.NullPointerException">
      <![CDATA[java.lang.NullPointerException
	at org.openqa.selenium.support.pagefactory.internal.LocatingElementHandler.invoke(LocatingElementHandler.java:51)
	at com.sun.proxy.$Proxy25.click(Unknown Source)
	at com.enass.htyl.page.IndexPage.click_login_link(IndexPage.java:35)
	at com.htyl.gyl.LoginTest.testLogin_success(LoginTest.java:18)
... Removed 28 stack frames]]>
    </failure>
  </testcase> <!-- testLogin_success -->
  <testcase name="testLogin_success" time="10.879" classname="com.htyl.gyl.LoginTest">
    <failure type="java.lang.NullPointerException">
      <![CDATA[java.lang.NullPointerException
	at org.openqa.selenium.support.pagefactory.internal.LocatingElementHandler.invoke(LocatingElementHandler.java:51)
	at com.sun.proxy.$Proxy25.click(Unknown Source)
	at com.enass.htyl.page.IndexPage.click_login_link(IndexPage.java:35)
	at com.htyl.gyl.LoginTest.testLogin_success(LoginTest.java:18)
... Removed 28 stack frames]]>
    </failure>
  </testcase> <!-- testLogin_success -->
</testsuite> <!-- Listener test1 -->
