<?xml version="1.0" encoding="UTF-8"?>
<testng-results skipped="1" failed="0" ignored="0" total="5" passed="4">
  <reporter-output>
  </reporter-output>
  <suite name="评估诊断" duration-ms="365524" started-at="2019-06-21T04:33:19Z" finished-at="2019-06-21T04:39:24Z">
    <groups>
    </groups>
    <test name="开始评估" duration-ms="365524" started-at="2019-06-21T04:33:19Z" finished-at="2019-06-21T04:39:24Z">
      <class name="com.htyl.enass.PingGuZhenDuan">
        <test-method status="PASS" signature="initDriver()[pri:0, instance:com.htyl.enass.PingGuZhenDuan@779dfe55]" name="initDriver" is-config="true" duration-ms="5781" started-at="2019-06-21T04:33:20Z" finished-at="2019-06-21T04:33:26Z">
          <reporter-output>
          </reporter-output>
        </test-method> <!-- initDriver -->
        <test-method status="PASS" signature="zhenduan(java.lang.String, java.lang.String, java.lang.String)[pri:0, instance:com.htyl.enass.PingGuZhenDuan@779dfe55]" name="zhenduan" duration-ms="67058" started-at="2019-06-21T04:33:26Z" data-provider="pingguzhenduan" finished-at="2019-06-21T04:34:33Z">
          <params>
            <param index="0">
              <value>
                <![CDATA[18630435218]]>
              </value>
            </param>
            <param index="1">
              <value>
                <![CDATA[yw123456]]>
              </value>
            </param>
            <param index="2">
              <value>
                <![CDATA[1]]>
              </value>
            </param>
          </params>
          <reporter-output>
          </reporter-output>
        </test-method> <!-- zhenduan -->
        <test-method status="PASS" signature="quitDriver()[pri:0, instance:com.htyl.enass.PingGuZhenDuan@779dfe55]" name="quitDriver" is-config="true" duration-ms="364" started-at="2019-06-21T04:34:33Z" finished-at="2019-06-21T04:34:33Z">
          <reporter-output>
          </reporter-output>
        </test-method> <!-- quitDriver -->
        <test-method status="PASS" signature="initDriver()[pri:0, instance:com.htyl.enass.PingGuZhenDuan@779dfe55]" name="initDriver" is-config="true" duration-ms="3657" started-at="2019-06-21T04:34:33Z" finished-at="2019-06-21T04:34:37Z">
          <reporter-output>
          </reporter-output>
        </test-method> <!-- initDriver -->
        <test-method status="PASS" signature="zhenduan(java.lang.String, java.lang.String, java.lang.String)[pri:0, instance:com.htyl.enass.PingGuZhenDuan@779dfe55]" name="zhenduan" duration-ms="66480" started-at="2019-06-21T04:34:37Z" data-provider="pingguzhenduan" finished-at="2019-06-21T04:35:44Z">
          <params>
            <param index="0">
              <value>
                <![CDATA[18630435218]]>
              </value>
            </param>
            <param index="1">
              <value>
                <![CDATA[yw123456]]>
              </value>
            </param>
            <param index="2">
              <value>
                <![CDATA[2]]>
              </value>
            </param>
          </params>
          <reporter-output>
          </reporter-output>
        </test-method> <!-- zhenduan -->
        <test-method status="PASS" signature="quitDriver()[pri:0, instance:com.htyl.enass.PingGuZhenDuan@779dfe55]" name="quitDriver" is-config="true" duration-ms="314" started-at="2019-06-21T04:35:44Z" finished-at="2019-06-21T04:35:44Z">
          <reporter-output>
          </reporter-output>
        </test-method> <!-- quitDriver -->
        <test-method status="PASS" signature="initDriver()[pri:0, instance:com.htyl.enass.PingGuZhenDuan@779dfe55]" name="initDriver" is-config="true" duration-ms="3491" started-at="2019-06-21T04:35:44Z" finished-at="2019-06-21T04:35:47Z">
          <reporter-output>
          </reporter-output>
        </test-method> <!-- initDriver -->
        <test-method status="SKIP" signature="zhenduan(java.lang.String, java.lang.String, java.lang.String)[pri:0, instance:com.htyl.enass.PingGuZhenDuan@779dfe55]" name="zhenduan" duration-ms="58228" started-at="2019-06-21T04:35:47Z" data-provider="pingguzhenduan" finished-at="2019-06-21T04:36:46Z">
          <params>
            <param index="0">
              <value>
                <![CDATA[18630435218]]>
              </value>
            </param>
            <param index="1">
              <value>
                <![CDATA[yw123456]]>
              </value>
            </param>
            <param index="2">
              <value>
                <![CDATA[3]]>
              </value>
            </param>
          </params>
          <exception class="java.lang.NullPointerException">
            <full-stacktrace>
              <![CDATA[java.lang.NullPointerException
at com.htyl.enass.PingGuZhenDuan.zhenduan(PingGuZhenDuan.java:48)
at sun.reflect.NativeMethodAccessorImpl.invoke0(Native Method)
at sun.reflect.NativeMethodAccessorImpl.invoke(Unknown Source)
at sun.reflect.DelegatingMethodAccessorImpl.invoke(Unknown Source)
at java.lang.reflect.Method.invoke(Unknown Source)
at org.testng.internal.MethodInvocationHelper.invokeMethod(MethodInvocationHelper.java:124)
at org.testng.internal.Invoker.invokeMethod(Invoker.java:580)
at org.testng.internal.Invoker.invokeTestMethod(Invoker.java:716)
at org.testng.internal.Invoker.invokeTestMethods(Invoker.java:988)
at org.testng.internal.TestMethodWorker.invokeTestMethods(TestMethodWorker.java:125)
at org.testng.internal.TestMethodWorker.run(TestMethodWorker.java:109)
at org.testng.TestRunner.privateRun(TestRunner.java:648)
at org.testng.TestRunner.run(TestRunner.java:505)
at org.testng.SuiteRunner.runTest(SuiteRunner.java:455)
at org.testng.SuiteRunner.runSequentially(SuiteRunner.java:450)
at org.testng.SuiteRunner.privateRun(SuiteRunner.java:415)
at org.testng.SuiteRunner.run(SuiteRunner.java:364)
at org.testng.SuiteRunnerWorker.runSuite(SuiteRunnerWorker.java:52)
at org.testng.SuiteRunnerWorker.run(SuiteRunnerWorker.java:84)
at org.testng.TestNG.runSuitesSequentially(TestNG.java:1208)
at org.testng.TestNG.runSuitesLocally(TestNG.java:1137)
at org.testng.TestNG.runSuites(TestNG.java:1049)
at org.testng.TestNG.run(TestNG.java:1017)
at org.apache.maven.surefire.testng.TestNGExecutor.run(TestNGExecutor.java:283)
at org.apache.maven.surefire.testng.TestNGXmlTestSuite.execute(TestNGXmlTestSuite.java:75)
at org.apache.maven.surefire.testng.TestNGProvider.invoke(TestNGProvider.java:120)
at org.apache.maven.surefire.booter.ForkedBooter.invokeProviderInSameClassLoader(ForkedBooter.java:383)
at org.apache.maven.surefire.booter.ForkedBooter.runSuitesInProcess(ForkedBooter.java:344)
at org.apache.maven.surefire.booter.ForkedBooter.execute(ForkedBooter.java:125)
at org.apache.maven.surefire.booter.ForkedBooter.main(ForkedBooter.java:417)
]]>
            </full-stacktrace>
          </exception> <!-- java.lang.NullPointerException -->
          <reporter-output>
          </reporter-output>
        </test-method> <!-- zhenduan -->
        <test-method status="PASS" signature="quitDriver()[pri:0, instance:com.htyl.enass.PingGuZhenDuan@779dfe55]" name="quitDriver" is-config="true" duration-ms="53" started-at="2019-06-21T04:36:46Z" finished-at="2019-06-21T04:36:46Z">
          <reporter-output>
          </reporter-output>
        </test-method> <!-- quitDriver -->
        <test-method status="PASS" signature="initDriver()[pri:0, instance:com.htyl.enass.PingGuZhenDuan@779dfe55]" name="initDriver" is-config="true" duration-ms="3494" started-at="2019-06-21T04:36:46Z" finished-at="2019-06-21T04:36:49Z">
          <reporter-output>
          </reporter-output>
        </test-method> <!-- initDriver -->
        <test-method status="PASS" signature="zhenduan(java.lang.String, java.lang.String, java.lang.String)[pri:0, instance:com.htyl.enass.PingGuZhenDuan@779dfe55]" name="zhenduan" duration-ms="76134" started-at="2019-06-21T04:36:49Z" data-provider="pingguzhenduan" finished-at="2019-06-21T04:38:05Z">
          <params>
            <param index="0">
              <value>
                <![CDATA[18630435218]]>
              </value>
            </param>
            <param index="1">
              <value>
                <![CDATA[yw123456]]>
              </value>
            </param>
            <param index="2">
              <value>
                <![CDATA[3]]>
              </value>
            </param>
          </params>
          <reporter-output>
          </reporter-output>
        </test-method> <!-- zhenduan -->
        <test-method status="PASS" signature="quitDriver()[pri:0, instance:com.htyl.enass.PingGuZhenDuan@779dfe55]" name="quitDriver" is-config="true" duration-ms="251" started-at="2019-06-21T04:38:05Z" finished-at="2019-06-21T04:38:06Z">
          <reporter-output>
          </reporter-output>
        </test-method> <!-- quitDriver -->
        <test-method status="PASS" signature="initDriver()[pri:0, instance:com.htyl.enass.PingGuZhenDuan@779dfe55]" name="initDriver" is-config="true" duration-ms="3687" started-at="2019-06-21T04:38:06Z" finished-at="2019-06-21T04:38:09Z">
          <reporter-output>
          </reporter-output>
        </test-method> <!-- initDriver -->
        <test-method status="PASS" signature="zhenduan(java.lang.String, java.lang.String, java.lang.String)[pri:0, instance:com.htyl.enass.PingGuZhenDuan@779dfe55]" name="zhenduan" duration-ms="74851" started-at="2019-06-21T04:38:09Z" data-provider="pingguzhenduan" finished-at="2019-06-21T04:39:24Z">
          <params>
            <param index="0">
              <value>
                <![CDATA[18630435218]]>
              </value>
            </param>
            <param index="1">
              <value>
                <![CDATA[yw123456]]>
              </value>
            </param>
            <param index="2">
              <value>
                <![CDATA[4]]>
              </value>
            </param>
          </params>
          <reporter-output>
          </reporter-output>
        </test-method> <!-- zhenduan -->
        <test-method status="PASS" signature="quitDriver()[pri:0, instance:com.htyl.enass.PingGuZhenDuan@779dfe55]" name="quitDriver" is-config="true" duration-ms="330" started-at="2019-06-21T04:39:24Z" finished-at="2019-06-21T04:39:24Z">
          <reporter-output>
          </reporter-output>
        </test-method> <!-- quitDriver -->
        <test-method status="PASS" signature="closeService()[pri:0, instance:com.htyl.enass.PingGuZhenDuan@779dfe55]" name="closeService" is-config="true" duration-ms="1439" started-at="2019-06-21T04:39:24Z" finished-at="2019-06-21T04:39:26Z">
          <reporter-output>
          </reporter-output>
        </test-method> <!-- closeService -->
      </class> <!-- com.htyl.enass.PingGuZhenDuan -->
    </test> <!-- 开始评估 -->
  </suite> <!-- 评估诊断 -->
</testng-results>
