<?xml version="1.0" encoding="UTF-8"?>
<testsuite xmlns:xsi="http://www.w3.org/2001/XMLSchema-instance" xsi:noNamespaceSchemaLocation="https://maven.apache.org/surefire/maven-surefire-plugin/xsd/surefire-test-report.xsd" name="TestSuite" time="368.51" tests="5" errors="0" skipped="1" failures="0">
  <properties>
[...]
</properties>
  <testcase name="zhenduan" classname="com.htyl.enass.PingGuZhenDuan" time="66.939"/>
  <testcase name="zhenduan" classname="com.htyl.enass.PingGuZhenDuan" time="66.479"/>
  <testcase name="zhenduan" classname="com.htyl.enass.PingGuZhenDuan" time="0">
    <skipped/>
    <system-out><![CDATA[12:35:46.720 [Forwarding newSession on session null to remote] INFO  o.o.s.remote.ProtocolHandshake - Detected dialect: W3C
12:35:57.028 INFO  com.htyl.utils.WrappedRemoteWebDriver - 通过css selector方法查找ul[class~='el-menu-demo'] > li:last-child元素，已找到
12:35:59.129 INFO  com.htyl.utils.WrappedRemoteWebDriver - 通过id方法查找li0元素，已找到
12:35:59.199 INFO  com.htyl.utils.WrappedRemoteWebDriver - 通过id方法查找shortAccount元素，已找到
12:35:59.320 INFO  com.htyl.utils.WrappedRemoteWebDriver - 通过id方法查找password元素，已找到
12:35:59.412 INFO  com.htyl.utils.WrappedRemoteWebDriver - 通过id方法查找imgcode元素，已找到
12:36:00.138 INFO  com.htyl.utils.WrappedRemoteWebDriver - 通过id方法查找code0元素，已找到
12:36:00.279 INFO  com.htyl.utils.WrappedRemoteWebDriver - 通过css selector方法查找input[value='登 录']元素，已找到
12:36:00.927 INFO  com.htyl.utils.WrappedRemoteWebDriver - 通过class name方法查找errormessage元素，已找到
12:36:01.000 INFO  com.htyl.utils.WrappedRemoteWebDriver - 通过id方法查找li0元素，已找到
12:36:01.075 INFO  com.htyl.utils.WrappedRemoteWebDriver - 通过id方法查找shortAccount元素，已找到
12:36:01.199 INFO  com.htyl.utils.WrappedRemoteWebDriver - 通过id方法查找password元素，已找到
12:36:01.311 INFO  com.htyl.utils.WrappedRemoteWebDriver - 通过id方法查找imgcode元素，已找到
12:36:01.999 INFO  com.htyl.utils.WrappedRemoteWebDriver - 通过id方法查找code0元素，已找到
12:36:02.107 INFO  com.htyl.utils.WrappedRemoteWebDriver - 通过css selector方法查找input[value='登 录']元素，已找到
12:36:02.408 INFO  com.htyl.utils.WrappedRemoteWebDriver - 通过class name方法查找errormessage元素，已找到
12:36:02.477 INFO  com.htyl.utils.WrappedRemoteWebDriver - 通过id方法查找li0元素，已找到
12:36:02.549 INFO  com.htyl.utils.WrappedRemoteWebDriver - 通过id方法查找shortAccount元素，已找到
12:36:02.681 INFO  com.htyl.utils.WrappedRemoteWebDriver - 通过id方法查找password元素，已找到
12:36:02.815 INFO  com.htyl.utils.WrappedRemoteWebDriver - 通过id方法查找imgcode元素，已找到
12:36:03.536 INFO  com.htyl.utils.WrappedRemoteWebDriver - 通过id方法查找code0元素，已找到
12:36:03.632 INFO  com.htyl.utils.WrappedRemoteWebDriver - 通过css selector方法查找input[value='登 录']元素，已找到
12:36:03.986 INFO  com.htyl.utils.WrappedRemoteWebDriver - 通过class name方法查找errormessage元素，已找到
12:36:04.059 INFO  com.htyl.utils.WrappedRemoteWebDriver - 通过id方法查找li0元素，已找到
12:36:04.129 INFO  com.htyl.utils.WrappedRemoteWebDriver - 通过id方法查找shortAccount元素，已找到
12:36:04.263 INFO  com.htyl.utils.WrappedRemoteWebDriver - 通过id方法查找password元素，已找到
12:36:04.369 INFO  com.htyl.utils.WrappedRemoteWebDriver - 通过id方法查找imgcode元素，已找到
12:36:05.067 INFO  com.htyl.utils.WrappedRemoteWebDriver - 通过id方法查找code0元素，已找到
12:36:05.143 INFO  com.htyl.utils.WrappedRemoteWebDriver - 通过css selector方法查找input[value='登 录']元素，已找到
12:36:05.447 INFO  com.htyl.utils.WrappedRemoteWebDriver - 通过class name方法查找errormessage元素，已找到
12:36:05.497 INFO  com.htyl.utils.WrappedRemoteWebDriver - 通过id方法查找li0元素，已找到
12:36:05.565 INFO  com.htyl.utils.WrappedRemoteWebDriver - 通过id方法查找shortAccount元素，已找到
12:36:05.679 INFO  com.htyl.utils.WrappedRemoteWebDriver - 通过id方法查找password元素，已找到
12:36:05.767 INFO  com.htyl.utils.WrappedRemoteWebDriver - 通过id方法查找imgcode元素，已找到
12:36:06.443 INFO  com.htyl.utils.WrappedRemoteWebDriver - 通过id方法查找code0元素，已找到
12:36:06.518 INFO  com.htyl.utils.WrappedRemoteWebDriver - 通过css selector方法查找input[value='登 录']元素，已找到
12:36:06.781 INFO  com.htyl.utils.WrappedRemoteWebDriver - 通过class name方法查找errormessage元素，已找到
12:36:06.839 INFO  com.htyl.utils.WrappedRemoteWebDriver - 通过id方法查找li0元素，已找到
12:36:06.904 INFO  com.htyl.utils.WrappedRemoteWebDriver - 通过id方法查找shortAccount元素，已找到
12:36:07.005 INFO  com.htyl.utils.WrappedRemoteWebDriver - 通过id方法查找password元素，已找到
12:36:07.100 INFO  com.htyl.utils.WrappedRemoteWebDriver - 通过id方法查找imgcode元素，已找到
12:36:07.811 INFO  com.htyl.utils.WrappedRemoteWebDriver - 通过id方法查找code0元素，已找到
12:36:07.908 INFO  com.htyl.utils.WrappedRemoteWebDriver - 通过css selector方法查找input[value='登 录']元素，已找到
12:36:08.246 INFO  com.htyl.utils.WrappedRemoteWebDriver - 通过class name方法查找errormessage元素，已找到
12:36:08.319 INFO  com.htyl.utils.WrappedRemoteWebDriver - 通过id方法查找li0元素，已找到
12:36:08.389 INFO  com.htyl.utils.WrappedRemoteWebDriver - 通过id方法查找shortAccount元素，已找到
12:36:08.516 INFO  com.htyl.utils.WrappedRemoteWebDriver - 通过id方法查找password元素，已找到
12:36:08.619 INFO  com.htyl.utils.WrappedRemoteWebDriver - 通过id方法查找imgcode元素，已找到
12:36:09.351 INFO  com.htyl.utils.WrappedRemoteWebDriver - 通过id方法查找code0元素，已找到
12:36:09.441 INFO  com.htyl.utils.WrappedRemoteWebDriver - 通过css selector方法查找input[value='登 录']元素，已找到
12:36:09.738 INFO  com.htyl.utils.WrappedRemoteWebDriver - 通过class name方法查找errormessage元素，已找到
12:36:09.810 INFO  com.htyl.utils.WrappedRemoteWebDriver - 通过id方法查找li0元素，已找到
12:36:09.875 INFO  com.htyl.utils.WrappedRemoteWebDriver - 通过id方法查找shortAccount元素，已找到
12:36:09.966 INFO  com.htyl.utils.WrappedRemoteWebDriver - 通过id方法查找password元素，已找到
12:36:10.042 INFO  com.htyl.utils.WrappedRemoteWebDriver - 通过id方法查找imgcode元素，已找到
12:36:10.732 INFO  com.htyl.utils.WrappedRemoteWebDriver - 通过id方法查找code0元素，已找到
12:36:10.814 INFO  com.htyl.utils.WrappedRemoteWebDriver - 通过css selector方法查找input[value='登 录']元素，已找到
12:36:11.092 INFO  com.htyl.utils.WrappedRemoteWebDriver - 通过class name方法查找errormessage元素，已找到
12:36:11.181 INFO  com.htyl.utils.WrappedRemoteWebDriver - 通过id方法查找li0元素，已找到
12:36:11.246 INFO  com.htyl.utils.WrappedRemoteWebDriver - 通过id方法查找shortAccount元素，已找到
12:36:11.366 INFO  com.htyl.utils.WrappedRemoteWebDriver - 通过id方法查找password元素，已找到
12:36:11.447 INFO  com.htyl.utils.WrappedRemoteWebDriver - 通过id方法查找imgcode元素，已找到
12:36:12.119 INFO  com.htyl.utils.WrappedRemoteWebDriver - 通过id方法查找code0元素，已找到
12:36:12.232 INFO  com.htyl.utils.WrappedRemoteWebDriver - 通过css selector方法查找input[value='登 录']元素，已找到
12:36:12.549 INFO  com.htyl.utils.WrappedRemoteWebDriver - 通过class name方法查找errormessage元素，已找到
12:36:12.625 INFO  com.htyl.utils.WrappedRemoteWebDriver - 通过id方法查找li0元素，已找到
12:36:12.696 INFO  com.htyl.utils.WrappedRemoteWebDriver - 通过id方法查找shortAccount元素，已找到
12:36:12.836 INFO  com.htyl.utils.WrappedRemoteWebDriver - 通过id方法查找password元素，已找到
12:36:12.980 INFO  com.htyl.utils.WrappedRemoteWebDriver - 通过id方法查找imgcode元素，已找到
12:36:13.656 INFO  com.htyl.utils.WrappedRemoteWebDriver - 通过id方法查找code0元素，已找到
12:36:13.734 INFO  com.htyl.utils.WrappedRemoteWebDriver - 通过css selector方法查找input[value='登 录']元素，已找到
12:36:14.009 INFO  com.htyl.utils.WrappedRemoteWebDriver - 通过class name方法查找errormessage元素，已找到
12:36:46.080 ERROR com.htyl.utils.WrappedRemoteWebDriver - 通过id方法查找/assessmentPage元素时发生异常，原因：no such element: Unable to locate element: {"method":"css selector","selector":"#\/assessmentPage"}
  (Session info: chrome=75.0.3770.80)
For documentation on this error, please visit: http://seleniumhq.org/exceptions/no_such_element.html
Build info: version: '3.4.0', revision: 'unknown', time: 'unknown'
System info: host: 'KONGXUFENG-PC', ip: '172.20.4.101', os.name: 'Windows 10', os.arch: 'amd64', os.version: '10.0', java.version: '1.8.0_92'
Driver info: com.htyl.utils.WrappedRemoteWebDriver
Capabilities [{networkConnectionEnabled=false, chrome={chromedriverVersion=75.0.3770.8 (681f24ea911fe754973dda2fdc6d2a2e159dd300-refs/branch-heads/3770@{#40}), userDataDir=C:\Users\KONGXU~1\AppData\Local\Temp\scoped_dir22064_28684}, timeouts={implicit=0.0, pageLoad=300000.0, script=30000.0}, pageLoadStrategy=normal, unhandledPromptBehavior=dismiss and notify, strictFileInteractability=false, platform=ANY, proxy=Proxy(), goog:chromeOptions={debuggerAddress=localhost:54205}, acceptInsecureCerts=false, browserVersion=75.0.3770.80, browserName=chrome, javascriptEnabled=true, platformName=windows nt, setWindowRect=true}]
Session ID: a6626f82c5a7bd4159c450592115607f
*** Element info: {Using=id, value=/assessmentPage}
]]></system-out>
  </testcase>
  <testcase name="zhenduan" classname="com.htyl.enass.PingGuZhenDuan" time="76.133"/>
  <testcase name="zhenduan" classname="com.htyl.enass.PingGuZhenDuan" time="74.852"/>
</testsuite>