<?xml version="1.0" encoding="UTF-8"?>
<!-- Generated by org.testng.reporters.JUnitXMLReporter -->
<testsuite hostname="kongxufeng-pc" ignored="0" name="开始评估" tests="5" failures="0" timestamp="21 六月 2019 04:39:24 GMT" time="365.524" errors="0">
  <testcase name="zhenduan" time="67.058" classname="com.htyl.enass.PingGuZhenDuan"/>
  <testcase name="zhenduan" time="66.48" classname="com.htyl.enass.PingGuZhenDuan"/>
  <testcase name="zhenduan" time="58.228" classname="com.htyl.enass.PingGuZhenDuan">
    <skipped/>
  </testcase> <!-- zhenduan -->
  <testcase name="zhenduan" time="76.134" classname="com.htyl.enass.PingGuZhenDuan"/>
  <testcase name="zhenduan" time="74.851" classname="com.htyl.enass.PingGuZhenDuan"/>
</testsuite> <!-- 开始评估 -->
